# JRE version: Java(TM) SE Runtime Environment (7.0_45-b18) (build 1.7.0_45-b18)
# Java VM: Java HotSpot(TM) 64-Bit Server VM (24.45-b08 mixed mode windows-amd64 compressed oops)
Heap
 PSYoungGen      total 30208K, used 9175K [0x00000000fde80000, 0x0000000100000000, 0x0000000100000000)
  eden space 26112K, 23% used [0x00000000fde80000,0x00000000fe49ded0,0x00000000ff800000)
  from space 4096K, 71% used [0x00000000ffc00000,0x00000000ffed8000,0x0000000100000000)
  to   space 4096K, 0% used [0x00000000ff800000,0x00000000ff800000,0x00000000ffc00000)
 ParOldGen       total 34816K, used 13367K [0x00000000f9c00000, 0x00000000fbe00000, 0x00000000fde80000)
  object space 34816K, 38% used [0x00000000f9c00000,0x00000000fa90ddf0,0x00000000fbe00000)
 PSPermGen       total 21504K, used 6262K [0x00000000f4a00000, 0x00000000f5f00000, 0x00000000f9c00000)
  object space 21504K, 29% used [0x00000000f4a00000,0x00000000f501d8d0,0x00000000f5f00000)
GC Heap History (10 events):
Event: 2.984 GC heap before
{Heap before GC invocations=357 (full 1):
 PSYoungGen      total 30208K, used 29856K [0x00000000fde80000, 0x0000000100000000, 0x0000000100000000)
  eden space 26624K, 100% used [0x00000000fde80000,0x00000000ff880000,0x00000000ff880000)
  from space 3584K, 90% used [0x00000000ff880000,0x00000000ffba8000,0x00000000ffc00000)
  to   space 3584K, 0% used [0x00000000ffc80000,0x00000000ffc80000,0x0000000100000000)
 ParOldGen       total 34816K, used 12551K [0x00000000f9c00000, 0x00000000fbe00000, 0x00000000fde80000)
  object space 34816K, 36% used [0x00000000f9c00000,0x00000000fa841df0,0x00000000fbe00000)
 PSPermGen       total 21504K, used 6262K [0x00000000f4a00000, 0x00000000f5f00000, 0x00000000f9c00000)
  object space 21504K, 29% used [0x00000000f4a00000,0x00000000f501d8d0,0x00000000f5f00000)
Event: 2.986 GC heap after
Heap after GC invocations=357 (full 1):
 PSYoungGen      total 29696K, used 3232K [0x00000000fde80000, 0x0000000100000000, 0x0000000100000000)
  eden space 26112K, 0% used [0x00000000fde80000,0x00000000fde80000,0x00000000ff800000)
  from space 3584K, 90% used [0x00000000ffc80000,0x00000000fffa8000,0x0000000100000000)
  to   space 4096K, 0% used [0x00000000ff800000,0x00000000ff800000,0x00000000ffc00000)
 ParOldGen       total 34816K, used 12559K [0x00000000f9c00000, 0x00000000fbe00000, 0x00000000fde80000)
  object space 34816K, 36% used [0x00000000f9c00000,0x00000000fa843df0,0x00000000fbe00000)
 PSPermGen       total 21504K, used 6262K [0x00000000f4a00000, 0x00000000f5f00000, 0x00000000f9c00000)
  object space 21504K, 29% used [0x00000000f4a00000,0x00000000f501d8d0,0x00000000f5f00000)
}
Event: 2.989 GC heap before
{Heap before GC invocations=358 (full 1):
 PSYoungGen      total 29696K, used 29344K [0x00000000fde80000, 0x0000000100000000, 0x0000000100000000)
  eden space 26112K, 100% used [0x00000000fde80000,0x00000000ff800000,0x00000000ff800000)
  from space 3584K, 90% used [0x00000000ffc80000,0x00000000fffa8000,0x0000000100000000)
  to   space 4096K, 0% used [0x00000000ff800000,0x00000000ff800000,0x00000000ffc00000)
 ParOldGen       total 34816K, used 12559K [0x00000000f9c00000, 0x00000000fbe00000, 0x00000000fde80000)
  object space 34816K, 36% used [0x00000000f9c00000,0x00000000fa843df0,0x00000000fbe00000)
 PSPermGen       total 21504K, used 6262K [0x00000000f4a00000, 0x00000000f5f00000, 0x00000000f9c00000)
  object space 21504K, 29% used [0x00000000f4a00000,0x00000000f501d8d0,0x00000000f5f00000)
Event: 2.991 GC heap after
Heap after GC invocations=358 (full 1):
 PSYoungGen      total 30208K, used 3296K [0x00000000fde80000, 0x0000000100000000, 0x0000000100000000)
  eden space 26112K, 0% used [0x00000000fde80000,0x00000000fde80000,0x00000000ff800000)
  from space 4096K, 80% used [0x00000000ff800000,0x00000000ffb38000,0x00000000ffc00000)
  to   space 4096K, 0% used [0x00000000ffc00000,0x00000000ffc00000,0x0000000100000000)
 ParOldGen       total 34816K, used 12559K [0x00000000f9c00000, 0x00000000fbe00000, 0x00000000fde80000)
  object space 34816K, 36% used [0x00000000f9c00000,0x00000000fa843df0,0x00000000fbe00000)
 PSPermGen       total 21504K, used 6262K [0x00000000f4a00000, 0x00000000f5f00000, 0x00000000f9c00000)
  object space 21504K, 29% used [0x00000000f4a00000,0x00000000f501d8d0,0x00000000f5f00000)
}
Event: 2.994 GC heap before
{Heap before GC invocations=359 (full 1):
 PSYoungGen      total 30208K, used 29408K [0x00000000fde80000, 0x0000000100000000, 0x0000000100000000)
  eden space 26112K, 100% used [0x00000000fde80000,0x00000000ff800000,0x00000000ff800000)
  from space 4096K, 80% used [0x00000000ff800000,0x00000000ffb38000,0x00000000ffc00000)
  to   space 4096K, 0% used [0x00000000ffc00000,0x00000000ffc00000,0x0000000100000000)
 ParOldGen       total 34816K, used 12559K [0x00000000f9c00000, 0x00000000fbe00000, 0x00000000fde80000)
  object space 34816K, 36% used [0x00000000f9c00000,0x00000000fa843df0,0x00000000fbe00000)
 PSPermGen       total 21504K, used 6262K [0x00000000f4a00000, 0x00000000f5f00000, 0x00000000f9c00000)
  object space 21504K, 29% used [0x00000000f4a00000,0x00000000f501d8d0,0x00000000f5f00000)
Event: 2.996 GC heap after
Heap after GC invocations=359 (full 1):
 PSYoungGen      total 30208K, used 2880K [0x00000000fde80000, 0x0000000100000000, 0x0000000100000000)
  eden space 26112K, 0% used [0x00000000fde80000,0x00000000fde80000,0x00000000ff800000)
  from space 4096K, 70% used [0x00000000ffc00000,0x00000000ffed0000,0x0000000100000000)
  to   space 4096K, 0% used [0x00000000ff800000,0x00000000ff800000,0x00000000ffc00000)
 ParOldGen       total 34816K, used 12983K [0x00000000f9c00000, 0x00000000fbe00000, 0x00000000fde80000)
  object space 34816K, 37% used [0x00000000f9c00000,0x00000000fa8addf0,0x00000000fbe00000)
 PSPermGen       total 21504K, used 6262K [0x00000000f4a00000, 0x00000000f5f00000, 0x00000000f9c00000)
  object space 21504K, 29% used [0x00000000f4a00000,0x00000000f501d8d0,0x00000000f5f00000)
}
Event: 2.999 GC heap before
{Heap before GC invocations=360 (full 1):
 PSYoungGen      total 30208K, used 28992K [0x00000000fde80000, 0x0000000100000000, 0x0000000100000000)
  eden space 26112K, 100% used [0x00000000fde80000,0x00000000ff800000,0x00000000ff800000)
  from space 4096K, 70% used [0x00000000ffc00000,0x00000000ffed0000,0x0000000100000000)
  to   space 4096K, 0% used [0x00000000ff800000,0x00000000ff800000,0x00000000ffc00000)
 ParOldGen       total 34816K, used 12983K [0x00000000f9c00000, 0x00000000fbe00000, 0x00000000fde80000)
  object space 34816K, 37% used [0x00000000f9c00000,0x00000000fa8addf0,0x00000000fbe00000)
 PSPermGen       total 21504K, used 6262K [0x00000000f4a00000, 0x00000000f5f00000, 0x00000000f9c00000)
  object space 21504K, 29% used [0x00000000f4a00000,0x00000000f501d8d0,0x00000000f5f00000)
Event: 3.001 GC heap after
Heap after GC invocations=360 (full 1):
 PSYoungGen      total 30208K, used 3232K [0x00000000fde80000, 0x0000000100000000, 0x0000000100000000)
  eden space 26112K, 0% used [0x00000000fde80000,0x00000000fde80000,0x00000000ff800000)
  from space 4096K, 78% used [0x00000000ff800000,0x00000000ffb28000,0x00000000ffc00000)
  to   space 4096K, 0% used [0x00000000ffc00000,0x00000000ffc00000,0x0000000100000000)
 ParOldGen       total 34816K, used 13007K [0x00000000f9c00000, 0x00000000fbe00000, 0x00000000fde80000)
  object space 34816K, 37% used [0x00000000f9c00000,0x00000000fa8b3df0,0x00000000fbe00000)
 PSPermGen       total 21504K, used 6262K [0x00000000f4a00000, 0x00000000f5f00000, 0x00000000f9c00000)
  object space 21504K, 29% used [0x00000000f4a00000,0x00000000f501d8d0,0x00000000f5f00000)
}
Event: 3.004 GC heap before
{Heap before GC invocations=361 (full 1):
 PSYoungGen      total 30208K, used 29344K [0x00000000fde80000, 0x0000000100000000, 0x0000000100000000)
  eden space 26112K, 100% used [0x00000000fde80000,0x00000000ff800000,0x00000000ff800000)
  from space 4096K, 78% used [0x00000000ff800000,0x00000000ffb28000,0x00000000ffc00000)
  to   space 4096K, 0% used [0x00000000ffc00000,0x00000000ffc00000,0x0000000100000000)
 ParOldGen       total 34816K, used 13007K [0x00000000f9c00000, 0x00000000fbe00000, 0x00000000fde80000)
  object space 34816K, 37% used [0x00000000f9c00000,0x00000000fa8b3df0,0x00000000fbe00000)
 PSPermGen       total 21504K, used 6262K [0x00000000f4a00000, 0x00000000f5f00000, 0x00000000f9c00000)
  object space 21504K, 29% used [0x00000000f4a00000,0x00000000f501d8d0,0x00000000f5f00000)
Event: 3.006 GC heap after
Heap after GC invocations=361 (full 1):
 PSYoungGen      total 30208K, used 2912K [0x00000000fde80000, 0x0000000100000000, 0x0000000100000000)
  eden space 26112K, 0% used [0x00000000fde80000,0x00000000fde80000,0x00000000ff800000)
  from space 4096K, 71% used [0x00000000ffc00000,0x00000000ffed8000,0x0000000100000000)
  to   space 4096K, 0% used [0x00000000ff800000,0x00000000ff800000,0x00000000ffc00000)
 ParOldGen       total 34816K, used 13367K [0x00000000f9c00000, 0x00000000fbe00000, 0x00000000fde80000)
  object space 34816K, 38% used [0x00000000f9c00000,0x00000000fa90ddf0,0x00000000fbe00000)
 PSPermGen       total 21504K, used 6262K [0x00000000f4a00000, 0x00000000f5f00000, 0x00000000f9c00000)
  object space 21504K, 29% used [0x00000000f4a00000,0x00000000f501d8d0,0x00000000f5f00000)
}

