# JRE version: Java(TM) SE Runtime Environment (7.0_45-b18) (build 1.7.0_45-b18)
# Java VM: Java HotSpot(TM) 64-Bit Server VM (24.45-b08 mixed mode windows-amd64 compressed oops)
Heap
 PSYoungGen      total 171008K, used 168256K [0x00000000f5500000, 0x0000000100000000, 0x0000000100000000)
  eden space 166912K, 100% used [0x00000000f5500000,0x00000000ff800000,0x00000000ff800000)
  from space 4096K, 32% used [0x00000000ffc00000,0x00000000ffd50000,0x0000000100000000)
  to   space 4096K, 0% used [0x00000000ff800000,0x00000000ff800000,0x00000000ffc00000)
 ParOldGen       total 171520K, used 5823K [0x00000000e0000000, 0x00000000ea780000, 0x00000000f5500000)
  object space 171520K, 3% used [0x00000000e0000000,0x00000000e05afde8,0x00000000ea780000)
 PSPermGen       total 21504K, used 6264K [0x00000000dae00000, 0x00000000dc300000, 0x00000000e0000000)
  object space 21504K, 29% used [0x00000000dae00000,0x00000000db41e258,0x00000000dc300000)
GC Heap History (10 events):
Event: 4.856 GC heap before
{Heap before GC invocations=184 (full 0):
 PSYoungGen      total 171520K, used 170432K [0x00000000f5500000, 0x0000000100000000, 0x0000000100000000)
  eden space 167936K, 100% used [0x00000000f5500000,0x00000000ff900000,0x00000000ff900000)
  from space 3584K, 69% used [0x00000000ff900000,0x00000000ffb70000,0x00000000ffc80000)
  to   space 3584K, 0% used [0x00000000ffc80000,0x00000000ffc80000,0x0000000100000000)
 ParOldGen       total 171520K, used 4575K [0x00000000e0000000, 0x00000000ea780000, 0x00000000f5500000)
  object space 171520K, 2% used [0x00000000e0000000,0x00000000e0477de8,0x00000000ea780000)
 PSPermGen       total 21504K, used 6264K [0x00000000dae00000, 0x00000000dc300000, 0x00000000e0000000)
  object space 21504K, 29% used [0x00000000dae00000,0x00000000db41e258,0x00000000dc300000)
Event: 4.858 GC heap after
Heap after GC invocations=184 (full 0):
 PSYoungGen      total 171520K, used 2496K [0x00000000f5500000, 0x0000000100000000, 0x0000000100000000)
  eden space 167936K, 0% used [0x00000000f5500000,0x00000000f5500000,0x00000000ff900000)
  from space 3584K, 69% used [0x00000000ffc80000,0x00000000ffef0000,0x0000000100000000)
  to   space 3584K, 0% used [0x00000000ff900000,0x00000000ff900000,0x00000000ffc80000)
 ParOldGen       total 171520K, used 4575K [0x00000000e0000000, 0x00000000ea780000, 0x00000000f5500000)
  object space 171520K, 2% used [0x00000000e0000000,0x00000000e0477de8,0x00000000ea780000)
 PSPermGen       total 21504K, used 6264K [0x00000000dae00000, 0x00000000dc300000, 0x00000000e0000000)
  object space 21504K, 29% used [0x00000000dae00000,0x00000000db41e258,0x00000000dc300000)
}
Event: 4.876 GC heap before
{Heap before GC invocations=185 (full 0):
 PSYoungGen      total 171520K, used 170432K [0x00000000f5500000, 0x0000000100000000, 0x0000000100000000)
  eden space 167936K, 100% used [0x00000000f5500000,0x00000000ff900000,0x00000000ff900000)
  from space 3584K, 69% used [0x00000000ffc80000,0x00000000ffef0000,0x0000000100000000)
  to   space 3584K, 0% used [0x00000000ff900000,0x00000000ff900000,0x00000000ffc80000)
 ParOldGen       total 171520K, used 4575K [0x00000000e0000000, 0x00000000ea780000, 0x00000000f5500000)
  object space 171520K, 2% used [0x00000000e0000000,0x00000000e0477de8,0x00000000ea780000)
 PSPermGen       total 21504K, used 6264K [0x00000000dae00000, 0x00000000dc300000, 0x00000000e0000000)
  object space 21504K, 29% used [0x00000000dae00000,0x00000000db41e258,0x00000000dc300000)
Event: 4.878 GC heap after
Heap after GC invocations=185 (full 0):
 PSYoungGen      total 171520K, used 2464K [0x00000000f5500000, 0x0000000100000000, 0x0000000100000000)
  eden space 167936K, 0% used [0x00000000f5500000,0x00000000f5500000,0x00000000ff900000)
  from space 3584K, 68% used [0x00000000ff900000,0x00000000ffb68000,0x00000000ffc80000)
  to   space 3584K, 0% used [0x00000000ffc80000,0x00000000ffc80000,0x0000000100000000)
 ParOldGen       total 171520K, used 4575K [0x00000000e0000000, 0x00000000ea780000, 0x00000000f5500000)
  object space 171520K, 2% used [0x00000000e0000000,0x00000000e0477de8,0x00000000ea780000)
 PSPermGen       total 21504K, used 6264K [0x00000000dae00000, 0x00000000dc300000, 0x00000000e0000000)
  object space 21504K, 29% used [0x00000000dae00000,0x00000000db41e258,0x00000000dc300000)
}
Event: 4.897 GC heap before
{Heap before GC invocations=186 (full 0):
 PSYoungGen      total 171520K, used 170400K [0x00000000f5500000, 0x0000000100000000, 0x0000000100000000)
  eden space 167936K, 100% used [0x00000000f5500000,0x00000000ff900000,0x00000000ff900000)
  from space 3584K, 68% used [0x00000000ff900000,0x00000000ffb68000,0x00000000ffc80000)
  to   space 3584K, 0% used [0x00000000ffc80000,0x00000000ffc80000,0x0000000100000000)
 ParOldGen       total 171520K, used 4575K [0x00000000e0000000, 0x00000000ea780000, 0x00000000f5500000)
  object space 171520K, 2% used [0x00000000e0000000,0x00000000e0477de8,0x00000000ea780000)
 PSPermGen       total 21504K, used 6264K [0x00000000dae00000, 0x00000000dc300000, 0x00000000e0000000)
  object space 21504K, 29% used [0x00000000dae00000,0x00000000db41e258,0x00000000dc300000)
Event: 4.899 GC heap after
Heap after GC invocations=186 (full 0):
 PSYoungGen      total 170496K, used 2080K [0x00000000f5500000, 0x0000000100000000, 0x0000000100000000)
  eden space 166912K, 0% used [0x00000000f5500000,0x00000000f5500000,0x00000000ff800000)
  from space 3584K, 58% used [0x00000000ffc80000,0x00000000ffe88000,0x0000000100000000)
  to   space 4096K, 0% used [0x00000000ff800000,0x00000000ff800000,0x00000000ffc00000)
 ParOldGen       total 171520K, used 4991K [0x00000000e0000000, 0x00000000ea780000, 0x00000000f5500000)
  object space 171520K, 2% used [0x00000000e0000000,0x00000000e04dfde8,0x00000000ea780000)
 PSPermGen       total 21504K, used 6264K [0x00000000dae00000, 0x00000000dc300000, 0x00000000e0000000)
  object space 21504K, 29% used [0x00000000dae00000,0x00000000db41e258,0x00000000dc300000)
}
Event: 4.921 GC heap before
{Heap before GC invocations=187 (full 0):
 PSYoungGen      total 170496K, used 168992K [0x00000000f5500000, 0x0000000100000000, 0x0000000100000000)
  eden space 166912K, 100% used [0x00000000f5500000,0x00000000ff800000,0x00000000ff800000)
  from space 3584K, 58% used [0x00000000ffc80000,0x00000000ffe88000,0x0000000100000000)
  to   space 4096K, 0% used [0x00000000ff800000,0x00000000ff800000,0x00000000ffc00000)
 ParOldGen       total 171520K, used 4991K [0x00000000e0000000, 0x00000000ea780000, 0x00000000f5500000)
  object space 171520K, 2% used [0x00000000e0000000,0x00000000e04dfde8,0x00000000ea780000)
 PSPermGen       total 21504K, used 6264K [0x00000000dae00000, 0x00000000dc300000, 0x00000000e0000000)
  object space 21504K, 29% used [0x00000000dae00000,0x00000000db41e258,0x00000000dc300000)
Event: 4.923 GC heap after
Heap after GC invocations=187 (full 0):
 PSYoungGen      total 171008K, used 1664K [0x00000000f5500000, 0x0000000100000000, 0x0000000100000000)
  eden space 166912K, 0% used [0x00000000f5500000,0x00000000f5500000,0x00000000ff800000)
  from space 4096K, 40% used [0x00000000ff800000,0x00000000ff9a0000,0x00000000ffc00000)
  to   space 4096K, 0% used [0x00000000ffc00000,0x00000000ffc00000,0x0000000100000000)
 ParOldGen       total 171520K, used 5399K [0x00000000e0000000, 0x00000000ea780000, 0x00000000f5500000)
  object space 171520K, 3% used [0x00000000e0000000,0x00000000e0545de8,0x00000000ea780000)
 PSPermGen       total 21504K, used 6264K [0x00000000dae00000, 0x00000000dc300000, 0x00000000e0000000)
  object space 21504K, 29% used [0x00000000dae00000,0x00000000db41e258,0x00000000dc300000)
}
Event: 4.941 GC heap before
{Heap before GC invocations=188 (full 0):
 PSYoungGen      total 171008K, used 168576K [0x00000000f5500000, 0x0000000100000000, 0x0000000100000000)
  eden space 166912K, 100% used [0x00000000f5500000,0x00000000ff800000,0x00000000ff800000)
  from space 4096K, 40% used [0x00000000ff800000,0x00000000ff9a0000,0x00000000ffc00000)
  to   space 4096K, 0% used [0x00000000ffc00000,0x00000000ffc00000,0x0000000100000000)
 ParOldGen       total 171520K, used 5399K [0x00000000e0000000, 0x00000000ea780000, 0x00000000f5500000)
  object space 171520K, 3% used [0x00000000e0000000,0x00000000e0545de8,0x00000000ea780000)
 PSPermGen       total 21504K, used 6264K [0x00000000dae00000, 0x00000000dc300000, 0x00000000e0000000)
  object space 21504K, 29% used [0x00000000dae00000,0x00000000db41e258,0x00000000dc300000)
Event: 4.943 GC heap after
Heap after GC invocations=188 (full 0):
 PSYoungGen      total 171008K, used 1344K [0x00000000f5500000, 0x0000000100000000, 0x0000000100000000)
  eden space 166912K, 0% used [0x00000000f5500000,0x00000000f5500000,0x00000000ff800000)
  from space 4096K, 32% used [0x00000000ffc00000,0x00000000ffd50000,0x0000000100000000)
  to   space 4096K, 0% used [0x00000000ff800000,0x00000000ff800000,0x00000000ffc00000)
 ParOldGen       total 171520K, used 5823K [0x00000000e0000000, 0x00000000ea780000, 0x00000000f5500000)
  object space 171520K, 3% used [0x00000000e0000000,0x00000000e05afde8,0x00000000ea780000)
 PSPermGen       total 21504K, used 6264K [0x00000000dae00000, 0x00000000dc300000, 0x00000000e0000000)
  object space 21504K, 29% used [0x00000000dae00000,0x00000000db41e258,0x00000000dc300000)
}

